<?xml version="1.0" encoding="UTF-8"?><testrun name="TestRunner" project="DBSCucumberProject" tests="1" started="1" failures="0" errors="1" ignored="0">
  <testsuite name="cucumberOptions.TestRunner" time="12.914">
    <testsuite name="DBS Awards validation" time="12.914">
      <testcase name="DBS Awards validation" classname="DBS Awards validation" time="12.914">
        <error>org.openqa.selenium.ElementClickInterceptedException: element click intercepted: Element &lt;a class="nav-link hasDevice" href="#slideToN103AA"&gt;...&lt;/a&gt; is not clickable at point (325, 535). Other element would receive the click: &lt;a class="nav-link hasDevice" href="#slideToN10417"&gt;...&lt;/a&gt;
  (Session info: chrome=84.0.4147.105)
Build info: version: '3.141.59', revision: 'e82be7d358', time: '2018-11-14T08:17:03'
System info: host: 'LAPTOP-QCTTUG78', ip: '192.168.1.110', os.name: 'Windows 10', os.arch: 'amd64', os.version: '10.0', java.version: '1.8.0_201'
Driver info: org.openqa.selenium.chrome.ChromeDriver
Capabilities {acceptInsecureCerts: false, browserName: chrome, browserVersion: 84.0.4147.105, chrome: {chromedriverVersion: 83.0.4103.39 (ccbf011cb2d2b..., userDataDir: C:\Users\sivak\AppData\Loca...}, goog:chromeOptions: {debuggerAddress: localhost:24004}, javascriptEnabled: true, networkConnectionEnabled: false, pageLoadStrategy: normal, platform: WINDOWS, platformName: WINDOWS, proxy: Proxy(), setWindowRect: true, strictFileInteractability: false, timeouts: {implicit: 0, pageLoad: 300000, script: 30000}, unhandledPromptBehavior: dismiss and notify, webauthn:virtualAuthenticators: true}
Session ID: b429b7e0a514a454182c6524a81c6b50&#13;
	at sun.reflect.NativeConstructorAccessorImpl.newInstance0(Native Method)&#13;
	at sun.reflect.NativeConstructorAccessorImpl.newInstance(Unknown Source)&#13;
	at sun.reflect.DelegatingConstructorAccessorImpl.newInstance(Unknown Source)&#13;
	at java.lang.reflect.Constructor.newInstance(Unknown Source)&#13;
	at org.openqa.selenium.remote.http.W3CHttpResponseCodec.createException(W3CHttpResponseCodec.java:187)&#13;
	at org.openqa.selenium.remote.http.W3CHttpResponseCodec.decode(W3CHttpResponseCodec.java:122)&#13;
	at org.openqa.selenium.remote.http.W3CHttpResponseCodec.decode(W3CHttpResponseCodec.java:49)&#13;
	at org.openqa.selenium.remote.HttpCommandExecutor.execute(HttpCommandExecutor.java:158)&#13;
	at org.openqa.selenium.remote.service.DriverCommandExecutor.execute(DriverCommandExecutor.java:83)&#13;
	at org.openqa.selenium.remote.RemoteWebDriver.execute(RemoteWebDriver.java:552)&#13;
	at org.openqa.selenium.remote.RemoteWebElement.execute(RemoteWebElement.java:285)&#13;
	at org.openqa.selenium.remote.RemoteWebElement.click(RemoteWebElement.java:84)&#13;
	at stepDefinations.stepDefination.user_navigate_to_singapore(stepDefination.java:50)&#13;
	at âœ½.User navigate to Singapore(file:///D:/Assignment%20for%20DBS/DBSCucumberProject/src/test/java/features/DBS.feature:8)&#13;
&#13;
</error>
      </testcase>
    </testsuite>
  </testsuite>
</testrun>
